<?xml version="1.0" encoding="UTF-8"?>
<testng-results skipped="0" failed="1" total="5" passed="4">
  <reporter-output>
  </reporter-output>
  <suite name="Suite" duration-ms="100183" started-at="2018-02-01T18:31:39Z" finished-at="2018-02-01T18:33:20Z">
    <groups>
    </groups>
    <test name="User Login Credentials" duration-ms="63719" started-at="2018-02-01T18:31:39Z" finished-at="2018-02-01T18:32:43Z">
      <class name="Framework.HomePage">
        <test-method status="PASS" signature="callBrowser()[pri:0, instance:Framework.HomePage@6a28ffa4]" name="callBrowser" is-config="true" duration-ms="14393" started-at="2018-02-01T12:31:39Z" finished-at="2018-02-01T12:31:54Z">
          <reporter-output>
          </reporter-output>
        </test-method> <!-- callBrowser -->
        <test-method status="PASS" signature="UserCredentials(java.lang.String, java.lang.String, java.lang.String)[pri:0, instance:Framework.HomePage@6a28ffa4]" name="UserCredentials" duration-ms="8805" started-at="2018-02-01T12:31:54Z" data-provider="getData" finished-at="2018-02-01T12:32:03Z">
          <params>
            <param index="0">
              <value>
                <![CDATA[restricteduser@mail.com]]>
              </value>
            </param>
            <param index="1">
              <value>
                <![CDATA[123shd]]>
              </value>
            </param>
            <param index="2">
              <value>
                <![CDATA[Restricted user]]>
              </value>
            </param>
          </params>
          <reporter-output>
          </reporter-output>
        </test-method> <!-- UserCredentials -->
        <test-method status="PASS" signature="teardown()[pri:0, instance:Framework.HomePage@6a28ffa4]" name="teardown" is-config="true" duration-ms="110" started-at="2018-02-01T12:32:03Z" finished-at="2018-02-01T12:32:03Z">
          <reporter-output>
          </reporter-output>
        </test-method> <!-- teardown -->
        <test-method status="PASS" signature="callBrowser()[pri:0, instance:Framework.HomePage@6a28ffa4]" name="callBrowser" is-config="true" duration-ms="13737" started-at="2018-02-01T12:32:03Z" finished-at="2018-02-01T12:32:16Z">
          <reporter-output>
          </reporter-output>
        </test-method> <!-- callBrowser -->
        <test-method status="PASS" signature="UserCredentials(java.lang.String, java.lang.String, java.lang.String)[pri:0, instance:Framework.HomePage@6a28ffa4]" name="UserCredentials" duration-ms="6366" started-at="2018-02-01T12:32:16Z" data-provider="getData" finished-at="2018-02-01T12:32:23Z">
          <params>
            <param index="0">
              <value>
                <![CDATA[gooduser@mail.com]]>
              </value>
            </param>
            <param index="1">
              <value>
                <![CDATA[1345shd]]>
              </value>
            </param>
            <param index="2">
              <value>
                <![CDATA[good user]]>
              </value>
            </param>
          </params>
          <reporter-output>
          </reporter-output>
        </test-method> <!-- UserCredentials -->
        <test-method status="PASS" signature="teardown()[pri:0, instance:Framework.HomePage@6a28ffa4]" name="teardown" is-config="true" duration-ms="146" started-at="2018-02-01T12:32:23Z" finished-at="2018-02-01T12:32:23Z">
          <reporter-output>
          </reporter-output>
        </test-method> <!-- teardown -->
        <test-method status="PASS" signature="callBrowser()[pri:0, instance:Framework.HomePage@6a28ffa4]" name="callBrowser" is-config="true" duration-ms="13175" started-at="2018-02-01T12:32:23Z" finished-at="2018-02-01T12:32:36Z">
          <reporter-output>
          </reporter-output>
        </test-method> <!-- callBrowser -->
        <test-method status="PASS" signature="UserCredentials(java.lang.String, java.lang.String, java.lang.String)[pri:0, instance:Framework.HomePage@6a28ffa4]" name="UserCredentials" duration-ms="6887" started-at="2018-02-01T12:32:36Z" data-provider="getData" finished-at="2018-02-01T12:32:43Z">
          <params>
            <param index="0">
              <value>
                <![CDATA[normaluser@mail.com]]>
              </value>
            </param>
            <param index="1">
              <value>
                <![CDATA[1345shd]]>
              </value>
            </param>
            <param index="2">
              <value>
                <![CDATA[normal user]]>
              </value>
            </param>
          </params>
          <reporter-output>
          </reporter-output>
        </test-method> <!-- UserCredentials -->
        <test-method status="PASS" signature="teardown()[pri:0, instance:Framework.HomePage@6a28ffa4]" name="teardown" is-config="true" duration-ms="85" started-at="2018-02-01T12:32:43Z" finished-at="2018-02-01T12:32:43Z">
          <reporter-output>
          </reporter-output>
        </test-method> <!-- teardown -->
      </class> <!-- Framework.HomePage -->
    </test> <!-- User Login Credentials -->
    <test name="NavigationBar" duration-ms="17276" started-at="2018-02-01T18:32:43Z" finished-at="2018-02-01T18:33:00Z">
      <class name="Framework.NavigateBar">
        <test-method status="PASS" signature="callBrowser()[pri:0, instance:Framework.NavigateBar@41fbdac4]" name="callBrowser" is-config="true" duration-ms="12991" started-at="2018-02-01T12:32:43Z" finished-at="2018-02-01T12:32:56Z">
          <reporter-output>
          </reporter-output>
        </test-method> <!-- callBrowser -->
        <test-method status="PASS" signature="NavigateBar()[pri:0, instance:Framework.NavigateBar@41fbdac4]" name="NavigateBar" duration-ms="4140" started-at="2018-02-01T12:32:56Z" finished-at="2018-02-01T12:33:00Z">
          <reporter-output>
          </reporter-output>
        </test-method> <!-- NavigateBar -->
        <test-method status="PASS" signature="teardown()[pri:0, instance:Framework.NavigateBar@41fbdac4]" name="teardown" is-config="true" duration-ms="144" started-at="2018-02-01T12:33:00Z" finished-at="2018-02-01T12:33:00Z">
          <reporter-output>
          </reporter-output>
        </test-method> <!-- teardown -->
      </class> <!-- Framework.NavigateBar -->
    </test> <!-- NavigationBar -->
    <test name="Validating Title" duration-ms="19163" started-at="2018-02-01T18:33:00Z" finished-at="2018-02-01T18:33:20Z">
      <class name="Framework.Validate">
        <test-method status="PASS" signature="callBrowser()[pri:0, instance:Framework.Validate@708f5957]" name="callBrowser" is-config="true" duration-ms="13097" started-at="2018-02-01T12:33:00Z" finished-at="2018-02-01T12:33:13Z">
          <reporter-output>
          </reporter-output>
        </test-method> <!-- callBrowser -->
        <test-method status="FAIL" signature="ValidateTitle()[pri:0, instance:Framework.Validate@708f5957]" name="ValidateTitle" duration-ms="2935" started-at="2018-02-01T12:33:13Z" finished-at="2018-02-01T12:33:16Z">
          <exception class="java.lang.AssertionError">
            <message>
              <![CDATA[expected [FEATURED 123COURSES] but found [FEATURED COURSES]]]>
            </message>
            <full-stacktrace>
              <![CDATA[java.lang.AssertionError: expected [FEATURED 123COURSES] but found [FEATURED COURSES]
	at org.testng.Assert.fail(Assert.java:94)
	at org.testng.Assert.failNotEquals(Assert.java:494)
	at org.testng.Assert.assertEquals(Assert.java:123)
	at org.testng.Assert.assertEquals(Assert.java:176)
	at org.testng.Assert.assertEquals(Assert.java:186)
	at Framework.Validate.ValidateTitle(Validate.java:40)
	at sun.reflect.NativeMethodAccessorImpl.invoke0(Native Method)
	at sun.reflect.NativeMethodAccessorImpl.invoke(NativeMethodAccessorImpl.java:62)
	at sun.reflect.DelegatingMethodAccessorImpl.invoke(DelegatingMethodAccessorImpl.java:43)
	at java.lang.reflect.Method.invoke(Method.java:498)
	at org.testng.internal.MethodInvocationHelper.invokeMethod(MethodInvocationHelper.java:80)
	at org.testng.internal.Invoker.invokeMethod(Invoker.java:714)
	at org.testng.internal.Invoker.invokeTestMethod(Invoker.java:901)
	at org.testng.internal.Invoker.invokeTestMethods(Invoker.java:1231)
	at org.testng.internal.TestMethodWorker.invokeTestMethods(TestMethodWorker.java:127)
	at org.testng.internal.TestMethodWorker.run(TestMethodWorker.java:111)
	at org.testng.TestRunner.privateRun(TestRunner.java:767)
	at org.testng.TestRunner.run(TestRunner.java:617)
	at org.testng.SuiteRunner.runTest(SuiteRunner.java:334)
	at org.testng.SuiteRunner.runSequentially(SuiteRunner.java:329)
	at org.testng.SuiteRunner.privateRun(SuiteRunner.java:291)
	at org.testng.SuiteRunner.run(SuiteRunner.java:240)
	at org.testng.SuiteRunnerWorker.runSuite(SuiteRunnerWorker.java:52)
	at org.testng.SuiteRunnerWorker.run(SuiteRunnerWorker.java:86)
	at org.testng.TestNG.runSuitesSequentially(TestNG.java:1198)
	at org.testng.TestNG.runSuitesLocally(TestNG.java:1123)
	at org.testng.TestNG.run(TestNG.java:1031)
	at org.apache.maven.surefire.testng.TestNGExecutor.run(TestNGExecutor.java:283)
	at org.apache.maven.surefire.testng.TestNGXmlTestSuite.execute(TestNGXmlTestSuite.java:75)
	at org.apache.maven.surefire.testng.TestNGProvider.invoke(TestNGProvider.java:120)
	at org.apache.maven.surefire.booter.ForkedBooter.invokeProviderInSameClassLoader(ForkedBooter.java:373)
	at org.apache.maven.surefire.booter.ForkedBooter.runSuitesInProcess(ForkedBooter.java:334)
	at org.apache.maven.surefire.booter.ForkedBooter.execute(ForkedBooter.java:119)
	at org.apache.maven.surefire.booter.ForkedBooter.main(ForkedBooter.java:407)
]]>
            </full-stacktrace>
          </exception> <!-- java.lang.AssertionError -->
          <reporter-output>
          </reporter-output>
        </test-method> <!-- ValidateTitle -->
        <test-method status="PASS" signature="teardown()[pri:0, instance:Framework.Validate@708f5957]" name="teardown" is-config="true" duration-ms="2098" started-at="2018-02-01T12:33:17Z" finished-at="2018-02-01T12:33:20Z">
          <reporter-output>
          </reporter-output>
        </test-method> <!-- teardown -->
      </class> <!-- Framework.Validate -->
    </test> <!-- Validating Title -->
  </suite> <!-- Suite -->
</testng-results>
