<?xml version="1.0" encoding="UTF-8"?>
<testng-results skipped="0" failed="1" total="5" passed="4">
  <reporter-output>
  </reporter-output>
  <suite name="Suite" duration-ms="109085" started-at="2018-02-27T04:36:16Z" finished-at="2018-02-27T04:38:05Z">
    <groups>
    </groups>
    <test name="User Login Credentials" duration-ms="72909" started-at="2018-02-27T04:36:16Z" finished-at="2018-02-27T04:37:29Z">
      <class name="Framework.HomePage">
        <test-method status="PASS" signature="callBrowser()[pri:0, instance:Framework.HomePage@6c64cb25]" name="callBrowser" is-config="true" duration-ms="15788" started-at="2018-02-26T22:36:16Z" finished-at="2018-02-26T22:36:32Z">
          <reporter-output>
          </reporter-output>
        </test-method> <!-- callBrowser -->
        <test-method status="PASS" signature="UserCredentials(java.lang.String, java.lang.String, java.lang.String)[pri:0, instance:Framework.HomePage@6c64cb25]" name="UserCredentials" duration-ms="6607" started-at="2018-02-26T22:36:32Z" data-provider="getData" finished-at="2018-02-26T22:36:38Z">
          <params>
            <param index="0">
              <value>
                <![CDATA[restricteduser@mail.com]]>
              </value>
            </param>
            <param index="1">
              <value>
                <![CDATA[123shd]]>
              </value>
            </param>
            <param index="2">
              <value>
                <![CDATA[Restricted user]]>
              </value>
            </param>
          </params>
          <reporter-output>
          </reporter-output>
        </test-method> <!-- UserCredentials -->
        <test-method status="PASS" signature="teardown()[pri:0, instance:Framework.HomePage@6c64cb25]" name="teardown" is-config="true" duration-ms="108" started-at="2018-02-26T22:36:38Z" finished-at="2018-02-26T22:36:38Z">
          <reporter-output>
          </reporter-output>
        </test-method> <!-- teardown -->
        <test-method status="PASS" signature="callBrowser()[pri:0, instance:Framework.HomePage@6c64cb25]" name="callBrowser" is-config="true" duration-ms="12887" started-at="2018-02-26T22:36:38Z" finished-at="2018-02-26T22:36:51Z">
          <reporter-output>
          </reporter-output>
        </test-method> <!-- callBrowser -->
        <test-method status="PASS" signature="UserCredentials(java.lang.String, java.lang.String, java.lang.String)[pri:0, instance:Framework.HomePage@6c64cb25]" name="UserCredentials" duration-ms="16235" started-at="2018-02-26T22:36:51Z" data-provider="getData" finished-at="2018-02-26T22:37:08Z">
          <params>
            <param index="0">
              <value>
                <![CDATA[gooduser@mail.com]]>
              </value>
            </param>
            <param index="1">
              <value>
                <![CDATA[1345shd]]>
              </value>
            </param>
            <param index="2">
              <value>
                <![CDATA[good user]]>
              </value>
            </param>
          </params>
          <reporter-output>
          </reporter-output>
        </test-method> <!-- UserCredentials -->
        <test-method status="PASS" signature="teardown()[pri:0, instance:Framework.HomePage@6c64cb25]" name="teardown" is-config="true" duration-ms="130" started-at="2018-02-26T22:37:08Z" finished-at="2018-02-26T22:37:08Z">
          <reporter-output>
          </reporter-output>
        </test-method> <!-- teardown -->
        <test-method status="PASS" signature="callBrowser()[pri:0, instance:Framework.HomePage@6c64cb25]" name="callBrowser" is-config="true" duration-ms="14079" started-at="2018-02-26T22:37:08Z" finished-at="2018-02-26T22:37:22Z">
          <reporter-output>
          </reporter-output>
        </test-method> <!-- callBrowser -->
        <test-method status="PASS" signature="UserCredentials(java.lang.String, java.lang.String, java.lang.String)[pri:0, instance:Framework.HomePage@6c64cb25]" name="UserCredentials" duration-ms="6914" started-at="2018-02-26T22:37:22Z" data-provider="getData" finished-at="2018-02-26T22:37:29Z">
          <params>
            <param index="0">
              <value>
                <![CDATA[normaluser@mail.com]]>
              </value>
            </param>
            <param index="1">
              <value>
                <![CDATA[1345shd]]>
              </value>
            </param>
            <param index="2">
              <value>
                <![CDATA[normal user]]>
              </value>
            </param>
          </params>
          <reporter-output>
          </reporter-output>
        </test-method> <!-- UserCredentials -->
        <test-method status="PASS" signature="teardown()[pri:0, instance:Framework.HomePage@6c64cb25]" name="teardown" is-config="true" duration-ms="130" started-at="2018-02-26T22:37:29Z" finished-at="2018-02-26T22:37:29Z">
          <reporter-output>
          </reporter-output>
        </test-method> <!-- teardown -->
      </class> <!-- Framework.HomePage -->
    </test> <!-- User Login Credentials -->
    <test name="NavigationBar" duration-ms="17533" started-at="2018-02-27T04:37:29Z" finished-at="2018-02-27T04:37:46Z">
      <class name="Framework.NavigateBar">
        <test-method status="PASS" signature="callBrowser()[pri:0, instance:Framework.NavigateBar@1b7cc17c]" name="callBrowser" is-config="true" duration-ms="14097" started-at="2018-02-26T22:37:29Z" finished-at="2018-02-26T22:37:43Z">
          <reporter-output>
          </reporter-output>
        </test-method> <!-- callBrowser -->
        <test-method status="PASS" signature="NavigateBarTest()[pri:0, instance:Framework.NavigateBar@1b7cc17c]" name="NavigateBarTest" duration-ms="1328" started-at="2018-02-26T22:37:43Z" finished-at="2018-02-26T22:37:44Z">
          <reporter-output>
          </reporter-output>
        </test-method> <!-- NavigateBarTest -->
        <test-method status="PASS" signature="teardown()[pri:0, instance:Framework.NavigateBar@1b7cc17c]" name="teardown" is-config="true" duration-ms="2107" started-at="2018-02-26T22:37:44Z" finished-at="2018-02-26T22:37:46Z">
          <reporter-output>
          </reporter-output>
        </test-method> <!-- teardown -->
      </class> <!-- Framework.NavigateBar -->
    </test> <!-- NavigationBar -->
    <test name="Validating Title" duration-ms="18604" started-at="2018-02-27T04:37:46Z" finished-at="2018-02-27T04:38:05Z">
      <class name="Framework.Validate">
        <test-method status="PASS" signature="callBrowser()[pri:0, instance:Framework.Validate@747ddf94]" name="callBrowser" is-config="true" duration-ms="13172" started-at="2018-02-26T22:37:46Z" finished-at="2018-02-26T22:38:00Z">
          <reporter-output>
          </reporter-output>
        </test-method> <!-- callBrowser -->
        <test-method status="FAIL" signature="ValidateTitle()[pri:0, instance:Framework.Validate@747ddf94]" name="ValidateTitle" duration-ms="2658" started-at="2018-02-26T22:38:00Z" finished-at="2018-02-26T22:38:02Z">
          <exception class="java.lang.AssertionError">
            <message>
              <![CDATA[expected [FEATURED 123COURSES] but found [FEATURED COURSES]]]>
            </message>
            <full-stacktrace>
              <![CDATA[java.lang.AssertionError: expected [FEATURED 123COURSES] but found [FEATURED COURSES]
	at org.testng.Assert.fail(Assert.java:94)
	at org.testng.Assert.failNotEquals(Assert.java:494)
	at org.testng.Assert.assertEquals(Assert.java:123)
	at org.testng.Assert.assertEquals(Assert.java:176)
	at org.testng.Assert.assertEquals(Assert.java:186)
	at Framework.Validate.ValidateTitle(Validate.java:40)
	at sun.reflect.NativeMethodAccessorImpl.invoke0(Native Method)
	at sun.reflect.NativeMethodAccessorImpl.invoke(NativeMethodAccessorImpl.java:62)
	at sun.reflect.DelegatingMethodAccessorImpl.invoke(DelegatingMethodAccessorImpl.java:43)
	at java.lang.reflect.Method.invoke(Method.java:498)
	at org.testng.internal.MethodInvocationHelper.invokeMethod(MethodInvocationHelper.java:80)
	at org.testng.internal.Invoker.invokeMethod(Invoker.java:714)
	at org.testng.internal.Invoker.invokeTestMethod(Invoker.java:901)
	at org.testng.internal.Invoker.invokeTestMethods(Invoker.java:1231)
	at org.testng.internal.TestMethodWorker.invokeTestMethods(TestMethodWorker.java:127)
	at org.testng.internal.TestMethodWorker.run(TestMethodWorker.java:111)
	at org.testng.TestRunner.privateRun(TestRunner.java:767)
	at org.testng.TestRunner.run(TestRunner.java:617)
	at org.testng.SuiteRunner.runTest(SuiteRunner.java:334)
	at org.testng.SuiteRunner.runSequentially(SuiteRunner.java:329)
	at org.testng.SuiteRunner.privateRun(SuiteRunner.java:291)
	at org.testng.SuiteRunner.run(SuiteRunner.java:240)
	at org.testng.SuiteRunnerWorker.runSuite(SuiteRunnerWorker.java:52)
	at org.testng.SuiteRunnerWorker.run(SuiteRunnerWorker.java:86)
	at org.testng.TestNG.runSuitesSequentially(TestNG.java:1198)
	at org.testng.TestNG.runSuitesLocally(TestNG.java:1123)
	at org.testng.TestNG.run(TestNG.java:1031)
	at org.testng.remote.AbstractRemoteTestNG.run(AbstractRemoteTestNG.java:114)
	at org.testng.remote.RemoteTestNG.initAndRun(RemoteTestNG.java:251)
	at org.testng.remote.RemoteTestNG.main(RemoteTestNG.java:77)
]]>
            </full-stacktrace>
          </exception> <!-- java.lang.AssertionError -->
          <reporter-output>
          </reporter-output>
        </test-method> <!-- ValidateTitle -->
        <test-method status="PASS" signature="teardown()[pri:0, instance:Framework.Validate@747ddf94]" name="teardown" is-config="true" duration-ms="2120" started-at="2018-02-26T22:38:03Z" finished-at="2018-02-26T22:38:05Z">
          <reporter-output>
          </reporter-output>
        </test-method> <!-- teardown -->
      </class> <!-- Framework.Validate -->
    </test> <!-- Validating Title -->
  </suite> <!-- Suite -->
</testng-results>
